<<<<<<< HEAD
INFO: [VRFC 10-2263] Analyzing SystemVerilog file "C:/Users/brian/Documents/SchoolPapers/Repositories/CPE 333/CPE-333-Comp.-Arch-/Lab1/FIFO/FIFO.srcs/sources_1/imports/fifo/types.sv" into library xil_defaultlib
INFO: [VRFC 10-311] analyzing module p_fifo_types
INFO: [VRFC 10-2263] Analyzing SystemVerilog file "C:/Users/brian/Documents/SchoolPapers/Repositories/CPE 333/CPE-333-Comp.-Arch-/Lab1/FIFO/FIFO.srcs/sources_1/imports/fifo/fifo.sv" into library xil_defaultlib
INFO: [VRFC 10-311] analyzing module fifo_synch_1r1w
INFO: [VRFC 10-2263] Analyzing SystemVerilog file "C:/Users/brian/Documents/SchoolPapers/Repositories/CPE 333/CPE-333-Comp.-Arch-/Lab1/FIFO/FIFO.srcs/sources_1/imports/fifo/verification/fifo_itf.sv" into library xil_defaultlib
INFO: [VRFC 10-311] analyzing module d_fifo_itf
=======
>>>>>>> 9caa3ed5f85a47f702de96847123835bab7c53cc
INFO: [VRFC 10-2263] Analyzing SystemVerilog file "C:/Users/brian/Documents/SchoolPapers/Repositories/CPE 333/CPE-333-Comp.-Arch-/Lab1/FIFO/FIFO.srcs/sources_1/imports/fifo/verification/grader/grader_types.sv" into library xil_defaultlib
INFO: [VRFC 10-311] analyzing module p_grader_types
INFO: [VRFC 10-2263] Analyzing SystemVerilog file "C:/Users/brian/Documents/SchoolPapers/Repositories/CPE 333/CPE-333-Comp.-Arch-/Lab1/FIFO/FIFO.srcs/sources_1/imports/fifo/verification/grader/grader.sv" into library xil_defaultlib
INFO: [VRFC 10-311] analyzing module grader
WARNING: [VRFC 10-43] task call in final block is illegal [C:/Users/brian/Documents/SchoolPapers/Repositories/CPE 333/CPE-333-Comp.-Arch-/Lab1/FIFO/FIFO.srcs/sources_1/imports/fifo/verification/grader/grader.sv:85]
WARNING: [VRFC 10-43] task call in final block is illegal [C:/Users/brian/Documents/SchoolPapers/Repositories/CPE 333/CPE-333-Comp.-Arch-/Lab1/FIFO/FIFO.srcs/sources_1/imports/fifo/verification/grader/grader.sv:86]
WARNING: [VRFC 10-43] task call in final block is illegal [C:/Users/brian/Documents/SchoolPapers/Repositories/CPE 333/CPE-333-Comp.-Arch-/Lab1/FIFO/FIFO.srcs/sources_1/imports/fifo/verification/grader/grader.sv:88]
WARNING: [VRFC 10-43] task call in final block is illegal [C:/Users/brian/Documents/SchoolPapers/Repositories/CPE 333/CPE-333-Comp.-Arch-/Lab1/FIFO/FIFO.srcs/sources_1/imports/fifo/verification/grader/grader.sv:89]
INFO: [VRFC 10-2263] Analyzing SystemVerilog file "C:/Users/brian/Documents/SchoolPapers/Repositories/CPE 333/CPE-333-Comp.-Arch-/Lab1/FIFO/FIFO.srcs/sources_1/imports/fifo/verification/grader/grader_itf.sv" into library xil_defaultlib
INFO: [VRFC 10-311] analyzing module d_grader_itf
<<<<<<< HEAD
INFO: [VRFC 10-2263] Analyzing SystemVerilog file "C:/Users/brian/Documents/SchoolPapers/Repositories/CPE 333/CPE-333-Comp.-Arch-/Lab1/FIFO/FIFO.srcs/sources_1/imports/fifo/verification/testbench.sv" into library xil_defaultlib
INFO: [VRFC 10-311] analyzing module testbench
=======
>>>>>>> 9caa3ed5f85a47f702de96847123835bab7c53cc
INFO: [VRFC 10-2263] Analyzing SystemVerilog file "C:/Users/brian/Documents/SchoolPapers/Repositories/CPE 333/CPE-333-Comp.-Arch-/Lab1/FIFO/FIFO.srcs/sources_1/imports/fifo/verification/grader/transaction_monitor.sv" into library xil_defaultlib
INFO: [VRFC 10-311] analyzing module transaction_monitor
INFO: [VRFC 10-2263] Analyzing SystemVerilog file "C:/Users/brian/Documents/SchoolPapers/Repositories/CPE 333/CPE-333-Comp.-Arch-/Lab1/FIFO/FIFO.srcs/sources_1/imports/fifo/verification/grader/transaction_scoreboard.sv" into library xil_defaultlib
INFO: [VRFC 10-311] analyzing module transaction_scoreboard
<<<<<<< HEAD
INFO: [VRFC 10-2263] Analyzing SystemVerilog file "C:/Users/brian/Documents/SchoolPapers/Repositories/CPE 333/CPE-333-Comp.-Arch-/Lab1/FIFO/FIFO.srcs/sources_1/imports/fifo/verification/top.sv" into library xil_defaultlib
INFO: [VRFC 10-311] analyzing module top
=======
>>>>>>> 9caa3ed5f85a47f702de96847123835bab7c53cc
