#-----------------------------------------------------------
# Vivado v2022.1 (64-bit)
# SW Build 3526262 on Mon Apr 18 15:48:16 MDT 2022
# IP Build 3524634 on Mon Apr 18 20:55:01 MDT 2022
# Start of session at: Mon Jul 31 07:45:15 2023
# Process ID: 2360
# Current directory: C:/Users/brian/Documents/SchoolPapers/Repositories/CPE 333/CPE-333-Comp.-Arch-/lab3pipeline
# Command line: vivado.exe -gui_launcher_event rodinguilauncherevent17352 C:\Users\brian\Documents\SchoolPapers\Repositories\CPE 333\CPE-333-Comp.-Arch-\lab3pipeline\lab3pipeline.xpr
# Log file: C:/Users/brian/Documents/SchoolPapers/Repositories/CPE 333/CPE-333-Comp.-Arch-/lab3pipeline/vivado.log
# Journal file: C:/Users/brian/Documents/SchoolPapers/Repositories/CPE 333/CPE-333-Comp.-Arch-/lab3pipeline\vivado.jou
# Running On: DESKTOP-OJK9U19, OS: Windows, CPU Frequency: 2803 MHz, CPU Physical cores: 4, Host memory: 16799 MB
#-----------------------------------------------------------
couldn't load library "librdi_tcltasks.dll": not a directory
Could not load library 'librdi_tcltasks' needed by 'core', please check installation.
    while executing
"error "$result\nCould not load library '$library' needed by '$feature', please check installation.""
    (procedure "rdi::load_library" line 4)
    invoked from within
"rdi::load_library core librdi_tcltasks"
    (file "C:/Xilinx/Vivado/2022.1\lib\scripts\rdi\features\core\core.tcl" line 5)
ERROR: [Common 17-217] Failed to load feature 'core'.
INFO: [Common 17-206] Exiting Vivado at Mon Jul 31 07:45:15 2023...
